000 (2200157.003.000) 2025-07-26 23:47:58 Job submitted from host: <128.105.68.112:9618?addrs=128.105.68.112-9618+[2607-f388-2200-100-eaeb-d3ff-fea3-4202]-9618&alias=ap2001.chtc.wisc.edu&noUDP&sock=schedd_7723_ea02>
...
040 (2200157.003.000) 2025-07-27 15:09:25 Started transferring input files
	Transferring to host: <128.105.69.148:9618?addrs=128.105.69.148-9618+[2607-f388-2200-100-1270-fdff-fe56-ceec]-9618&alias=build4001.chtc.wisc.edu&noUDP&sock=build1_1_2346631_935a_42524>
...
040 (2200157.003.000) 2025-07-27 15:09:25 Finished transferring input files
...
001 (2200157.003.000) 2025-07-27 15:09:26 Job executing on host: <128.105.69.148:9618?addrs=128.105.69.148-9618+[2607-f388-2200-100-1270-fdff-fe56-ceec]-9618&alias=build4001.chtc.wisc.edu&noUDP&sock=startd_1782417_62a8>
	SlotName: build1_1@build4001.chtc.wisc.edu
	CondorScratchDir = "/var/lib/condor/execute/slot1/dir_1626554"
	Cpus = 64
	Disk = 67110017
	GPUs = 0
	IoHeavy = 0
	Memory = 65536
...
006 (2200157.003.000) 2025-07-27 15:09:35 Image size of job updated: 80244
	79  -  MemoryUsage of job (MB)
	80244  -  ResidentSetSize of job (KB)
...
006 (2200157.003.000) 2025-07-27 15:14:36 Image size of job updated: 6008500
	4701  -  MemoryUsage of job (MB)
	4813152  -  ResidentSetSize of job (KB)
...
006 (2200157.003.000) 2025-07-27 15:19:36 Image size of job updated: 6008500
	4944  -  MemoryUsage of job (MB)
	5061888  -  ResidentSetSize of job (KB)
...
006 (2200157.003.000) 2025-07-27 16:54:44 Image size of job updated: 6008500
	4981  -  MemoryUsage of job (MB)
	5099880  -  ResidentSetSize of job (KB)
...
006 (2200157.003.000) 2025-07-27 20:25:04 Image size of job updated: 6008500
	5004  -  MemoryUsage of job (MB)
	5123832  -  ResidentSetSize of job (KB)
...
040 (2200157.003.000) 2025-07-27 22:58:22 Started transferring output files
...
040 (2200157.003.000) 2025-07-27 22:58:22 Finished transferring output files
...
005 (2200157.003.000) 2025-07-27 22:58:30 Job terminated.
	(1) Normal termination (return value 0)
		Usr 57 22:32:03, Sys 4 19:05:37  -  Run Remote Usage
		Usr 0 00:00:00, Sys 0 00:00:00  -  Run Local Usage
		Usr 57 22:32:03, Sys 4 19:05:37  -  Total Remote Usage
		Usr 0 00:00:00, Sys 0 00:00:00  -  Total Local Usage
	657724  -  Run Bytes Sent By Job
	263  -  Run Bytes Received By Job
	657724  -  Total Bytes Sent By Job
	263  -  Total Bytes Received By Job
	Partitionable Resources :      Usage  Request Allocated 
	   Cpus                 :     122.37       64        64 
	   Disk (KB)            : 6087641    67108864  67110017 
	   GPUs                 :                             0 
	   IoHeavy              :                             0 
	   Memory (MB)          :    5004       65536     65536 
	   TimeExecute (s)      :   28136                       
	   TimeSlotBusy (s)     :   28137                       
...
