000 (2200157.000.000) 2025-07-26 23:47:58 Job submitted from host: <128.105.68.112:9618?addrs=128.105.68.112-9618+[2607-f388-2200-100-eaeb-d3ff-fea3-4202]-9618&alias=ap2001.chtc.wisc.edu&noUDP&sock=schedd_7723_ea02>
...
040 (2200157.000.000) 2025-07-26 23:47:59 Started transferring input files
	Transferring to host: <128.105.69.148:9618?addrs=128.105.69.148-9618+[2607-f388-2200-100-1270-fdff-fe56-ceec]-9618&alias=build4001.chtc.wisc.edu&noUDP&sock=build1_1_2346631_935a_38820>
...
040 (2200157.000.000) 2025-07-26 23:47:59 Finished transferring input files
...
001 (2200157.000.000) 2025-07-26 23:48:00 Job executing on host: <128.105.69.148:9618?addrs=128.105.69.148-9618+[2607-f388-2200-100-1270-fdff-fe56-ceec]-9618&alias=build4001.chtc.wisc.edu&noUDP&sock=startd_1782417_62a8>
	SlotName: build1_1@build4001.chtc.wisc.edu
	CondorScratchDir = "/var/lib/condor/execute/slot1/dir_2469678"
	Cpus = 64
	Disk = 67110017
	GPUs = 0
	IoHeavy = 0
	Memory = 65536
...
006 (2200157.000.000) 2025-07-26 23:48:09 Image size of job updated: 41360
	37  -  MemoryUsage of job (MB)
	37452  -  ResidentSetSize of job (KB)
...
006 (2200157.000.000) 2025-07-26 23:53:10 Image size of job updated: 5568524
	5212  -  MemoryUsage of job (MB)
	5336224  -  ResidentSetSize of job (KB)
...
006 (2200157.000.000) 2025-07-26 23:58:10 Image size of job updated: 5686192
	5239  -  MemoryUsage of job (MB)
	5364192  -  ResidentSetSize of job (KB)
...
006 (2200157.000.000) 2025-07-27 00:03:11 Image size of job updated: 5686192
	5323  -  MemoryUsage of job (MB)
	5450716  -  ResidentSetSize of job (KB)
...
006 (2200157.000.000) 2025-07-27 00:13:13 Image size of job updated: 5686192
	5362  -  MemoryUsage of job (MB)
	5490628  -  ResidentSetSize of job (KB)
...
006 (2200157.000.000) 2025-07-27 00:18:14 Image size of job updated: 5774328
	5376  -  MemoryUsage of job (MB)
	5504188  -  ResidentSetSize of job (KB)
...
006 (2200157.000.000) 2025-07-27 00:23:15 Image size of job updated: 5774328
	5444  -  MemoryUsage of job (MB)
	5574324  -  ResidentSetSize of job (KB)
...
006 (2200157.000.000) 2025-07-27 00:28:16 Image size of job updated: 5774328
	5458  -  MemoryUsage of job (MB)
	5588420  -  ResidentSetSize of job (KB)
...
006 (2200157.000.000) 2025-07-27 00:33:18 Image size of job updated: 5774328
	5568  -  MemoryUsage of job (MB)
	5701504  -  ResidentSetSize of job (KB)
...
006 (2200157.000.000) 2025-07-27 00:58:22 Image size of job updated: 5883468
	5568  -  MemoryUsage of job (MB)
	5701504  -  ResidentSetSize of job (KB)
...
006 (2200157.000.000) 2025-07-27 01:03:23 Image size of job updated: 6017284
	5616  -  MemoryUsage of job (MB)
	5750412  -  ResidentSetSize of job (KB)
...
006 (2200157.000.000) 2025-07-27 01:08:24 Image size of job updated: 6017284
	5699  -  MemoryUsage of job (MB)
	5835208  -  ResidentSetSize of job (KB)
...
040 (2200157.000.000) 2025-07-27 05:34:07 Started transferring output files
...
040 (2200157.000.000) 2025-07-27 05:34:08 Finished transferring output files
...
005 (2200157.000.000) 2025-07-27 05:34:09 Job terminated.
	(1) Normal termination (return value 0)
		Usr 53 01:15:26, Sys 4 13:50:02  -  Run Remote Usage
		Usr 0 00:00:00, Sys 0 00:00:00  -  Run Local Usage
		Usr 53 01:15:26, Sys 4 13:50:02  -  Total Remote Usage
		Usr 0 00:00:00, Sys 0 00:00:00  -  Total Local Usage
	2587678  -  Run Bytes Sent By Job
	263  -  Run Bytes Received By Job
	2587678  -  Total Bytes Sent By Job
	263  -  Total Bytes Received By Job
	Partitionable Resources :      Usage  Request Allocated 
	   Cpus                 :     121.23       64        64 
	   Disk (KB)            : 6209206    67108864  67110017 
	   GPUs                 :                             0 
	   IoHeavy              :                             0 
	   Memory (MB)          :    5699       65536     65536 
	   TimeExecute (s)      :   20767                       
	   TimeSlotBusy (s)     :   20769                       
...
