000 (2200157.004.000) 2025-07-26 23:47:58 Job submitted from host: <128.105.68.112:9618?addrs=128.105.68.112-9618+[2607-f388-2200-100-eaeb-d3ff-fea3-4202]-9618&alias=ap2001.chtc.wisc.edu&noUDP&sock=schedd_7723_ea02>
...
040 (2200157.004.000) 2025-07-27 22:58:30 Started transferring input files
	Transferring to host: <128.105.69.148:9618?addrs=128.105.69.148-9618+[2607-f388-2200-100-1270-fdff-fe56-ceec]-9618&alias=build4001.chtc.wisc.edu&noUDP&sock=build1_1_2346631_935a_43974>
...
040 (2200157.004.000) 2025-07-27 22:58:30 Finished transferring input files
...
001 (2200157.004.000) 2025-07-27 22:58:31 Job executing on host: <128.105.69.148:9618?addrs=128.105.69.148-9618+[2607-f388-2200-100-1270-fdff-fe56-ceec]-9618&alias=build4001.chtc.wisc.edu&noUDP&sock=startd_1782417_62a8>
	SlotName: build1_1@build4001.chtc.wisc.edu
	CondorScratchDir = "/var/lib/condor/execute/slot1/dir_1494627"
	Cpus = 64
	Disk = 67110017
	GPUs = 0
	IoHeavy = 0
	Memory = 65536
...
006 (2200157.004.000) 2025-07-27 22:58:40 Image size of job updated: 74016
	73  -  MemoryUsage of job (MB)
	74016  -  ResidentSetSize of job (KB)
...
006 (2200157.004.000) 2025-07-27 23:03:41 Image size of job updated: 14744984
	8894  -  MemoryUsage of job (MB)
	9106452  -  ResidentSetSize of job (KB)
...
006 (2200157.004.000) 2025-07-27 23:08:41 Image size of job updated: 14744984
	9933  -  MemoryUsage of job (MB)
	10170468  -  ResidentSetSize of job (KB)
...
006 (2200157.004.000) 2025-07-27 23:53:45 Image size of job updated: 14744984
	10362  -  MemoryUsage of job (MB)
	10609728  -  ResidentSetSize of job (KB)
...
006 (2200157.004.000) 2025-07-27 23:58:46 Image size of job updated: 14744984
	10382  -  MemoryUsage of job (MB)
	10631076  -  ResidentSetSize of job (KB)
...
006 (2200157.004.000) 2025-07-28 00:03:47 Image size of job updated: 14744984
	10387  -  MemoryUsage of job (MB)
	10636280  -  ResidentSetSize of job (KB)
...
006 (2200157.004.000) 2025-07-28 00:08:48 Image size of job updated: 14744984
	10543  -  MemoryUsage of job (MB)
	10795240  -  ResidentSetSize of job (KB)
...
040 (2200157.004.000) 2025-07-28 06:03:09 Started transferring output files
...
040 (2200157.004.000) 2025-07-28 06:03:09 Finished transferring output files
...
005 (2200157.004.000) 2025-07-28 06:03:10 Job terminated.
	(1) Normal termination (return value 0)
		Usr 65 01:36:27, Sys 5 01:35:46  -  Run Remote Usage
		Usr 0 00:00:00, Sys 0 00:00:00  -  Run Local Usage
		Usr 65 01:36:27, Sys 5 01:35:46  -  Total Remote Usage
		Usr 0 00:00:00, Sys 0 00:00:00  -  Total Local Usage
	2535359  -  Run Bytes Sent By Job
	263  -  Run Bytes Received By Job
	2535359  -  Total Bytes Sent By Job
	263  -  Total Bytes Received By Job
	Partitionable Resources :      Usage  Request Allocated 
	   Cpus                 :     134.69       64        64 
	   Disk (KB)            : 6674508    67108864  67110017 
	   GPUs                 :                             0 
	   IoHeavy              :                             0 
	   Memory (MB)          :   10543       65536     65536 
	   TimeExecute (s)      :   25478                       
	   TimeSlotBusy (s)     :   25479                       
...
