000 (2200157.002.000) 2025-07-26 23:47:58 Job submitted from host: <128.105.68.112:9618?addrs=128.105.68.112-9618+[2607-f388-2200-100-eaeb-d3ff-fea3-4202]-9618&alias=ap2001.chtc.wisc.edu&noUDP&sock=schedd_7723_ea02>
...
040 (2200157.002.000) 2025-07-27 10:25:55 Started transferring input files
	Transferring to host: <128.105.69.148:9618?addrs=128.105.69.148-9618+[2607-f388-2200-100-1270-fdff-fe56-ceec]-9618&alias=build4001.chtc.wisc.edu&noUDP&sock=build1_1_2346631_935a_41708>
...
040 (2200157.002.000) 2025-07-27 10:25:55 Finished transferring input files
...
001 (2200157.002.000) 2025-07-27 10:25:56 Job executing on host: <128.105.69.148:9618?addrs=128.105.69.148-9618+[2607-f388-2200-100-1270-fdff-fe56-ceec]-9618&alias=build4001.chtc.wisc.edu&noUDP&sock=startd_1782417_62a8>
	SlotName: build1_1@build4001.chtc.wisc.edu
	CondorScratchDir = "/var/lib/condor/execute/slot1/dir_1948631"
	Cpus = 64
	Disk = 67110017
	GPUs = 0
	IoHeavy = 0
	Memory = 65536
...
006 (2200157.002.000) 2025-07-27 10:26:04 Image size of job updated: 58992
	34  -  MemoryUsage of job (MB)
	34048  -  ResidentSetSize of job (KB)
...
006 (2200157.002.000) 2025-07-27 10:31:04 Image size of job updated: 6502880
	4661  -  MemoryUsage of job (MB)
	4772480  -  ResidentSetSize of job (KB)
...
006 (2200157.002.000) 2025-07-27 10:36:05 Image size of job updated: 6502880
	4726  -  MemoryUsage of job (MB)
	4838624  -  ResidentSetSize of job (KB)
...
006 (2200157.002.000) 2025-07-27 10:41:05 Image size of job updated: 6502880
	5054  -  MemoryUsage of job (MB)
	5174600  -  ResidentSetSize of job (KB)
...
006 (2200157.002.000) 2025-07-27 10:51:05 Image size of job updated: 6502880
	5350  -  MemoryUsage of job (MB)
	5478312  -  ResidentSetSize of job (KB)
...
006 (2200157.002.000) 2025-07-27 10:56:05 Image size of job updated: 6502880
	5413  -  MemoryUsage of job (MB)
	5542108  -  ResidentSetSize of job (KB)
...
006 (2200157.002.000) 2025-07-27 11:21:09 Image size of job updated: 6502880
	5436  -  MemoryUsage of job (MB)
	5566096  -  ResidentSetSize of job (KB)
...
006 (2200157.002.000) 2025-07-27 11:41:09 Image size of job updated: 6502880
	5448  -  MemoryUsage of job (MB)
	5578184  -  ResidentSetSize of job (KB)
...
040 (2200157.002.000) 2025-07-27 15:09:19 Started transferring output files
...
040 (2200157.002.000) 2025-07-27 15:09:19 Finished transferring output files
...
005 (2200157.002.000) 2025-07-27 15:09:20 Job terminated.
	(1) Normal termination (return value 0)
		Usr 43 04:42:21, Sys 4 19:03:48  -  Run Remote Usage
		Usr 0 00:00:00, Sys 0 00:00:00  -  Run Local Usage
		Usr 43 04:42:21, Sys 4 19:03:48  -  Total Remote Usage
		Usr 0 00:00:00, Sys 0 00:00:00  -  Total Local Usage
	993714  -  Run Bytes Sent By Job
	263  -  Run Bytes Received By Job
	993714  -  Total Bytes Sent By Job
	263  -  Total Bytes Received By Job
	Partitionable Resources :      Usage  Request Allocated 
	   Cpus                 :     111.64       64        64 
	   Disk (KB)            : 6312444    67108864  67110017 
	   GPUs                 :                             0 
	   IoHeavy              :                             0 
	   Memory (MB)          :    5448       65536     65536 
	   TimeExecute (s)      :   17003                       
	   TimeSlotBusy (s)     :   17005                       
...
