000 (2200157.001.000) 2025-07-26 23:47:58 Job submitted from host: <128.105.68.112:9618?addrs=128.105.68.112-9618+[2607-f388-2200-100-eaeb-d3ff-fea3-4202]-9618&alias=ap2001.chtc.wisc.edu&noUDP&sock=schedd_7723_ea02>
...
040 (2200157.001.000) 2025-07-27 05:34:09 Started transferring input files
	Transferring to host: <128.105.69.148:9618?addrs=128.105.69.148-9618+[2607-f388-2200-100-1270-fdff-fe56-ceec]-9618&alias=build4001.chtc.wisc.edu&noUDP&sock=build1_1_2346631_935a_41076>
...
040 (2200157.001.000) 2025-07-27 05:34:09 Finished transferring input files
...
001 (2200157.001.000) 2025-07-27 05:34:10 Job executing on host: <128.105.69.148:9618?addrs=128.105.69.148-9618+[2607-f388-2200-100-1270-fdff-fe56-ceec]-9618&alias=build4001.chtc.wisc.edu&noUDP&sock=startd_1782417_62a8>
	SlotName: build1_1@build4001.chtc.wisc.edu
	CondorScratchDir = "/var/lib/condor/execute/slot1/dir_2254356"
	Cpus = 64
	Disk = 67110017
	GPUs = 0
	IoHeavy = 0
	Memory = 65536
...
006 (2200157.001.000) 2025-07-27 05:34:18 Image size of job updated: 56268
	34  -  MemoryUsage of job (MB)
	34056  -  ResidentSetSize of job (KB)
...
006 (2200157.001.000) 2025-07-27 05:39:18 Image size of job updated: 6197568
	4742  -  MemoryUsage of job (MB)
	4855200  -  ResidentSetSize of job (KB)
...
006 (2200157.001.000) 2025-07-27 05:49:19 Image size of job updated: 6197568
	4778  -  MemoryUsage of job (MB)
	4892588  -  ResidentSetSize of job (KB)
...
006 (2200157.001.000) 2025-07-27 05:54:20 Image size of job updated: 6197568
	5167  -  MemoryUsage of job (MB)
	5290440  -  ResidentSetSize of job (KB)
...
006 (2200157.001.000) 2025-07-27 05:59:20 Image size of job updated: 6197568
	5214  -  MemoryUsage of job (MB)
	5338448  -  ResidentSetSize of job (KB)
...
040 (2200157.001.000) 2025-07-27 10:25:53 Started transferring output files
...
040 (2200157.001.000) 2025-07-27 10:25:53 Finished transferring output files
...
005 (2200157.001.000) 2025-07-27 10:25:54 Job terminated.
	(1) Normal termination (return value 0)
		Usr 43 05:01:38, Sys 4 15:47:01  -  Run Remote Usage
		Usr 0 00:00:00, Sys 0 00:00:00  -  Run Local Usage
		Usr 43 05:01:38, Sys 4 15:47:01  -  Total Remote Usage
		Usr 0 00:00:00, Sys 0 00:00:00  -  Total Local Usage
	2471601  -  Run Bytes Sent By Job
	263  -  Run Bytes Received By Job
	2471601  -  Total Bytes Sent By Job
	263  -  Total Bytes Received By Job
	Partitionable Resources :      Usage  Request Allocated 
	   Cpus                 :      89.83       64        64 
	   Disk (KB)            : 6189976    67108864  67110017 
	   GPUs                 :                             0 
	   IoHeavy              :                             0 
	   Memory (MB)          :    5214       65536     65536 
	   TimeExecute (s)      :   17503                       
	   TimeSlotBusy (s)     :   17504                       
...
