000 (4423789.002.000) 2025-07-28 10:40:17 Job submitted from host: <128.105.68.113:9618?addrs=128.105.68.113-9618+[2607-f388-2200-100-eaeb-d3ff-fea7-d05e]-9618&alias=ap2002.chtc.wisc.edu&noUDP&sock=schedd_7736_d4bd>
...
040 (4423789.002.000) 2025-07-29 05:15:12 Started transferring input files
	Transferring to host: <128.105.69.148:9618?addrs=128.105.69.148-9618+[2607-f388-2200-100-1270-fdff-fe56-ceec]-9618&alias=build4001.chtc.wisc.edu&noUDP&sock=build1_1_2346631_935a_51736>
...
040 (4423789.002.000) 2025-07-29 05:15:12 Finished transferring input files
...
001 (4423789.002.000) 2025-07-29 05:15:13 Job executing on host: <128.105.69.148:9618?addrs=128.105.69.148-9618+[2607-f388-2200-100-1270-fdff-fe56-ceec]-9618&alias=build4001.chtc.wisc.edu&noUDP&sock=startd_1782417_62a8>
	SlotName: build1_1@build4001.chtc.wisc.edu
	CondorScratchDir = "/var/lib/condor/execute/slot1/dir_77666"
	Cpus = 64
	Disk = 67110017
	GPUs = 0
	IoHeavy = 0
	Memory = 65536
...
006 (4423789.002.000) 2025-07-29 05:15:21 Image size of job updated: 57124
	34  -  MemoryUsage of job (MB)
	34048  -  ResidentSetSize of job (KB)
...
006 (4423789.002.000) 2025-07-29 05:20:21 Image size of job updated: 6871640
	5406  -  MemoryUsage of job (MB)
	5535448  -  ResidentSetSize of job (KB)
...
006 (4423789.002.000) 2025-07-29 05:25:22 Image size of job updated: 6871640
	5527  -  MemoryUsage of job (MB)
	5659240  -  ResidentSetSize of job (KB)
...
006 (4423789.002.000) 2025-07-29 05:30:22 Image size of job updated: 6871640
	5546  -  MemoryUsage of job (MB)
	5678652  -  ResidentSetSize of job (KB)
...
006 (4423789.002.000) 2025-07-29 05:35:23 Image size of job updated: 6871640
	5667  -  MemoryUsage of job (MB)
	5802252  -  ResidentSetSize of job (KB)
...
040 (4423789.002.000) 2025-07-29 09:57:26 Started transferring output files
...
040 (4423789.002.000) 2025-07-29 09:57:26 Finished transferring output files
...
005 (4423789.002.000) 2025-07-29 09:57:27 Job terminated.
	(1) Normal termination (return value 0)
		Usr 43 05:18:58, Sys 4 18:26:40  -  Run Remote Usage
		Usr 0 00:00:00, Sys 0 00:00:00  -  Run Local Usage
		Usr 43 05:18:58, Sys 4 18:26:40  -  Total Remote Usage
		Usr 0 00:00:00, Sys 0 00:00:00  -  Total Local Usage
	1036353  -  Run Bytes Sent By Job
	264  -  Run Bytes Received By Job
	1036353  -  Total Bytes Sent By Job
	264  -  Total Bytes Received By Job
	Partitionable Resources :      Usage  Request Allocated 
	   Cpus                 :      92.43       64        64 
	   Disk (KB)            : 6321009    67108864  67110017 
	   GPUs                 :                             0 
	   IoHeavy              :                             0 
	   Memory (MB)          :    5667       65536     65536 
	   TimeExecute (s)      :   16933                       
	   TimeSlotBusy (s)     :   16934                       
...
